<?xml version="1.0" encoding="UTF-8"?>
<testng-results ignored="0" total="1" passed="1" failed="0" skipped="0">
  <reporter-output>
  </reporter-output>
  <suite started-at="2024-03-31T08:11:26 IST" name="test_suite" finished-at="2024-03-31T08:12:06 IST" duration-ms="40664">
    <groups>
    </groups>
    <test started-at="2024-03-31T08:11:26 IST" name="Test check" finished-at="2024-03-31T08:12:06 IST" duration-ms="40664">
      <class name="sampleTestPackage.SampleTestClass">
        <test-method is-config="true" signature="driverLaunch()[pri:0, instance:sampleTestPackage.SampleTestClass@4f2b503c]" started-at="2024-03-31T08:11:26 IST" name="driverLaunch" finished-at="2024-03-31T08:12:02 IST" duration-ms="36375" status="PASS">
          <reporter-output>
          </reporter-output>
        </test-method> <!-- driverLaunch -->
        <test-method signature="sampleForm()[pri:0, instance:sampleTestPackage.SampleTestClass@4f2b503c]" started-at="2024-03-31T08:12:02 IST" name="sampleForm" finished-at="2024-03-31T08:12:06 IST" duration-ms="3768" status="PASS">
          <reporter-output>
          </reporter-output>
        </test-method> <!-- sampleForm -->
        <test-method is-config="true" signature="driverCLose()[pri:0, instance:sampleTestPackage.SampleTestClass@4f2b503c]" started-at="2024-03-31T08:12:06 IST" name="driverCLose" finished-at="2024-03-31T08:12:06 IST" duration-ms="444" status="PASS">
          <reporter-output>
          </reporter-output>
        </test-method> <!-- driverCLose -->
      </class> <!-- sampleTestPackage.SampleTestClass -->
    </test> <!-- Test check -->
  </suite> <!-- test_suite -->
</testng-results>
